Flutter crash report.
Please report a bug at https://github.com/flutter/flutter/issues.

## command

flutter pub global run intl_utils:generate

## exception

FileSystemException: FileSystemException: writeFrom failed, path = 'C:\Users\tvc\AppData\Roaming\.dart-tool\dart-flutter-telemetry.log' (OS Error: Недостаточно места на диске.
, errno = 112)

```
#0      _RandomAccessFile.writeFromSync (dart:io/file_impl.dart:905:7)
#1      _File.writeAsBytesSync (dart:io/file_impl.dart:646:14)
#2      _File.writeAsStringSync (dart:io/file_impl.dart:668:5)
#3      ForwardingFile.writeAsStringSync (package:file/src/forwarding/forwarding_file.dart:150:16)
#4      LogHandler.save (package:unified_analytics/src/log_handler.dart:283:15)
#5      AnalyticsImpl.send (package:unified_analytics/src/analytics.dart:608:17)
#6      FlutterCommand.verifyThenRunCommand (package:flutter_tools/src/runner/flutter_command.dart:1684:17)
<asynchronous suspension>
#7      FlutterCommand.run.<anonymous closure> (package:flutter_tools/src/runner/flutter_command.dart:1367:27)
<asynchronous suspension>
#8      AppContext.run.<anonymous closure> (package:flutter_tools/src/base/context.dart:150:19)
<asynchronous suspension>
#9      CommandRunner.runCommand (package:args/command_runner.dart:212:13)
<asynchronous suspension>
#10     FlutterCommandRunner.runCommand.<anonymous closure> (package:flutter_tools/src/runner/flutter_command_runner.dart:348:9)
<asynchronous suspension>
#11     AppContext.run.<anonymous closure> (package:flutter_tools/src/base/context.dart:150:19)
<asynchronous suspension>
#12     FlutterCommandRunner.runCommand (package:flutter_tools/src/runner/flutter_command_runner.dart:294:5)
<asynchronous suspension>
#13     run.<anonymous closure>.<anonymous closure> (package:flutter_tools/runner.dart:112:9)
<asynchronous suspension>
#14     AppContext.run.<anonymous closure> (package:flutter_tools/src/base/context.dart:150:19)
<asynchronous suspension>
#15     main (package:flutter_tools/executable.dart:90:3)
<asynchronous suspension>
```

## flutter doctor

```
[✓] Flutter (Channel stable, 3.16.8, on Microsoft Windows [Version 10.0.19045.4170], locale ru-RU)
    • Flutter version 3.16.8 on channel stable at C:\Users\tvc\Desktop\flutter
    • Upstream repository https://github.com/flutter/flutter.git
    • Framework revision 67457e669f (9 weeks ago), 2024-01-16 16:22:29 -0800
    • Engine revision 6e2ea58a5c
    • Dart version 3.2.5
    • DevTools version 2.28.5

[✓] Windows Version (Installed version of Windows is version 10 or higher)

[!] Android toolchain - develop for Android devices (Android SDK version 34.0.0)
    • Android SDK at C:\Users\tvc\AppData\Local\Android\sdk
    • Platform android-34, build-tools 34.0.0
    ✗ Android SDK file not found: adb.
    • Try re-installing or updating your Android SDK,
      visit https://flutter.dev/docs/get-started/install/windows#android-setup for detailed instructions.

[✓] Chrome - develop for the web
    • Chrome at C:\Program Files (x86)\Google\Chrome\Application\chrome.exe

[!] Visual Studio - develop Windows apps (Visual Studio Community 2022 17.5.3)
    • Visual Studio at C:\Program Files\Microsoft Visual Studio\2022\Community
    • Visual Studio Community 2022 version 17.5.33516.290
    • Windows 10 SDK version 10.0.22000.0
    ✗ The current Visual Studio installation is incomplete.
      Please use Visual Studio Installer to complete the installation or reinstall Visual Studio.

[✓] Android Studio (version 2023.1)
    • Android Studio at C:\Program Files\Android\Android Studio
    • Flutter plugin can be installed from:
      🔨 https://plugins.jetbrains.com/plugin/9212-flutter
    • Dart plugin can be installed from:
      🔨 https://plugins.jetbrains.com/plugin/6351-dart
    • Java version OpenJDK Runtime Environment (build 17.0.7+0-b2043.56-10550314)

[✓] VS Code (version 1.87.2)
    • VS Code at C:\Users\tvc\AppData\Local\Programs\Microsoft VS Code
    • Flutter extension version 3.84.0

[✓] Connected device (3 available)
    • Windows (desktop) • windows • windows-x64    • Microsoft Windows [Version 10.0.19045.4170]
    • Chrome (web)      • chrome  • web-javascript • Google Chrome 122.0.6261.129
    • Edge (web)        • edge    • web-javascript • Microsoft Edge 120.0.2210.91 (unsupported)

[✓] Network resources
    • All expected network resources are available.

! Doctor found issues in 2 categories.
```
